Linked: (/home/sun/livo_ws/devel/.private/direct_lidar_odometry/share/gennodejs/ros/direct_lidar_odometry/_index.js, /home/sun/livo_ws/devel/share/gennodejs/ros/direct_lidar_odometry/_index.js)
Linked: (/home/sun/livo_ws/devel/.private/direct_lidar_odometry/share/gennodejs/ros/direct_lidar_odometry/srv/_index.js, /home/sun/livo_ws/devel/share/gennodejs/ros/direct_lidar_odometry/srv/_index.js)
Linked: (/home/sun/livo_ws/devel/.private/direct_lidar_odometry/share/gennodejs/ros/direct_lidar_odometry/srv/save_traj.js, /home/sun/livo_ws/devel/share/gennodejs/ros/direct_lidar_odometry/srv/save_traj.js)
Linked: (/home/sun/livo_ws/devel/.private/direct_lidar_odometry/share/gennodejs/ros/direct_lidar_odometry/srv/save_pcd.js, /home/sun/livo_ws/devel/share/gennodejs/ros/direct_lidar_odometry/srv/save_pcd.js)
Linked: (/home/sun/livo_ws/devel/.private/direct_lidar_odometry/share/direct_lidar_odometry/cmake/direct_lidar_odometry-msg-paths.cmake, /home/sun/livo_ws/devel/share/direct_lidar_odometry/cmake/direct_lidar_odometry-msg-paths.cmake)
Linked: (/home/sun/livo_ws/devel/.private/direct_lidar_odometry/share/direct_lidar_odometry/cmake/direct_lidar_odometryConfig-version.cmake, /home/sun/livo_ws/devel/share/direct_lidar_odometry/cmake/direct_lidar_odometryConfig-version.cmake)
Linked: (/home/sun/livo_ws/devel/.private/direct_lidar_odometry/share/direct_lidar_odometry/cmake/direct_lidar_odometryConfig.cmake, /home/sun/livo_ws/devel/share/direct_lidar_odometry/cmake/direct_lidar_odometryConfig.cmake)
Linked: (/home/sun/livo_ws/devel/.private/direct_lidar_odometry/share/direct_lidar_odometry/cmake/direct_lidar_odometry-msg-extras.cmake, /home/sun/livo_ws/devel/share/direct_lidar_odometry/cmake/direct_lidar_odometry-msg-extras.cmake)
Linked: (/home/sun/livo_ws/devel/.private/direct_lidar_odometry/share/common-lisp/ros/direct_lidar_odometry/srv/direct_lidar_odometry-srv.asd, /home/sun/livo_ws/devel/share/common-lisp/ros/direct_lidar_odometry/srv/direct_lidar_odometry-srv.asd)
Linked: (/home/sun/livo_ws/devel/.private/direct_lidar_odometry/share/common-lisp/ros/direct_lidar_odometry/srv/_package_save_pcd.lisp, /home/sun/livo_ws/devel/share/common-lisp/ros/direct_lidar_odometry/srv/_package_save_pcd.lisp)
Linked: (/home/sun/livo_ws/devel/.private/direct_lidar_odometry/share/common-lisp/ros/direct_lidar_odometry/srv/save_pcd.lisp, /home/sun/livo_ws/devel/share/common-lisp/ros/direct_lidar_odometry/srv/save_pcd.lisp)
Linked: (/home/sun/livo_ws/devel/.private/direct_lidar_odometry/share/common-lisp/ros/direct_lidar_odometry/srv/_package_save_traj.lisp, /home/sun/livo_ws/devel/share/common-lisp/ros/direct_lidar_odometry/srv/_package_save_traj.lisp)
Linked: (/home/sun/livo_ws/devel/.private/direct_lidar_odometry/share/common-lisp/ros/direct_lidar_odometry/srv/_package.lisp, /home/sun/livo_ws/devel/share/common-lisp/ros/direct_lidar_odometry/srv/_package.lisp)
Linked: (/home/sun/livo_ws/devel/.private/direct_lidar_odometry/share/common-lisp/ros/direct_lidar_odometry/srv/save_traj.lisp, /home/sun/livo_ws/devel/share/common-lisp/ros/direct_lidar_odometry/srv/save_traj.lisp)
Linked: (/home/sun/livo_ws/devel/.private/direct_lidar_odometry/share/roseus/ros/direct_lidar_odometry/manifest.l, /home/sun/livo_ws/devel/share/roseus/ros/direct_lidar_odometry/manifest.l)
Linked: (/home/sun/livo_ws/devel/.private/direct_lidar_odometry/share/roseus/ros/direct_lidar_odometry/srv/save_traj.l, /home/sun/livo_ws/devel/share/roseus/ros/direct_lidar_odometry/srv/save_traj.l)
Linked: (/home/sun/livo_ws/devel/.private/direct_lidar_odometry/share/roseus/ros/direct_lidar_odometry/srv/save_pcd.l, /home/sun/livo_ws/devel/share/roseus/ros/direct_lidar_odometry/srv/save_pcd.l)
Linked: (/home/sun/livo_ws/devel/.private/direct_lidar_odometry/lib/libnano_gicp.a, /home/sun/livo_ws/devel/lib/libnano_gicp.a)
Linked: (/home/sun/livo_ws/devel/.private/direct_lidar_odometry/lib/libnanoflann.a, /home/sun/livo_ws/devel/lib/libnanoflann.a)
Linked: (/home/sun/livo_ws/devel/.private/direct_lidar_odometry/lib/direct_lidar_odometry/dlo_map_node, /home/sun/livo_ws/devel/lib/direct_lidar_odometry/dlo_map_node)
Linked: (/home/sun/livo_ws/devel/.private/direct_lidar_odometry/lib/direct_lidar_odometry/dlo_odom_node, /home/sun/livo_ws/devel/lib/direct_lidar_odometry/dlo_odom_node)
Linked: (/home/sun/livo_ws/devel/.private/direct_lidar_odometry/lib/python3/dist-packages/direct_lidar_odometry/__init__.py, /home/sun/livo_ws/devel/lib/python3/dist-packages/direct_lidar_odometry/__init__.py)
Linked: (/home/sun/livo_ws/devel/.private/direct_lidar_odometry/lib/python3/dist-packages/direct_lidar_odometry/srv/_save_pcd.py, /home/sun/livo_ws/devel/lib/python3/dist-packages/direct_lidar_odometry/srv/_save_pcd.py)
Linked: (/home/sun/livo_ws/devel/.private/direct_lidar_odometry/lib/python3/dist-packages/direct_lidar_odometry/srv/_save_traj.py, /home/sun/livo_ws/devel/lib/python3/dist-packages/direct_lidar_odometry/srv/_save_traj.py)
Linked: (/home/sun/livo_ws/devel/.private/direct_lidar_odometry/lib/python3/dist-packages/direct_lidar_odometry/srv/__init__.py, /home/sun/livo_ws/devel/lib/python3/dist-packages/direct_lidar_odometry/srv/__init__.py)
Linked: (/home/sun/livo_ws/devel/.private/direct_lidar_odometry/lib/pkgconfig/direct_lidar_odometry.pc, /home/sun/livo_ws/devel/lib/pkgconfig/direct_lidar_odometry.pc)
Linked: (/home/sun/livo_ws/devel/.private/direct_lidar_odometry/include/direct_lidar_odometry/save_pcd.h, /home/sun/livo_ws/devel/include/direct_lidar_odometry/save_pcd.h)
Linked: (/home/sun/livo_ws/devel/.private/direct_lidar_odometry/include/direct_lidar_odometry/save_pcdRequest.h, /home/sun/livo_ws/devel/include/direct_lidar_odometry/save_pcdRequest.h)
Linked: (/home/sun/livo_ws/devel/.private/direct_lidar_odometry/include/direct_lidar_odometry/save_traj.h, /home/sun/livo_ws/devel/include/direct_lidar_odometry/save_traj.h)
Linked: (/home/sun/livo_ws/devel/.private/direct_lidar_odometry/include/direct_lidar_odometry/save_trajResponse.h, /home/sun/livo_ws/devel/include/direct_lidar_odometry/save_trajResponse.h)
Linked: (/home/sun/livo_ws/devel/.private/direct_lidar_odometry/include/direct_lidar_odometry/save_pcdResponse.h, /home/sun/livo_ws/devel/include/direct_lidar_odometry/save_pcdResponse.h)
Linked: (/home/sun/livo_ws/devel/.private/direct_lidar_odometry/include/direct_lidar_odometry/save_trajRequest.h, /home/sun/livo_ws/devel/include/direct_lidar_odometry/save_trajRequest.h)
