[35m[1mScanning dependencies of target topic_tools_generate_messages_eus[0m
[35m[1mScanning dependencies of target tf_generate_messages_lisp[0m
[35m[1mScanning dependencies of target actionlib_generate_messages_nodejs[0m
[35m[1mScanning dependencies of target geometry_msgs_generate_messages_eus[0m
[35m[1mScanning dependencies of target tf2_msgs_generate_messages_lisp[0m
[35m[1mScanning dependencies of target std_srvs_generate_messages_eus[0m
[35m[1mScanning dependencies of target actionlib_msgs_generate_messages_py[0m
[35m[1mScanning dependencies of target actionlib_msgs_generate_messages_cpp[0m
[35m[1mScanning dependencies of target actionlib_generate_messages_py[0m
[35m[1mScanning dependencies of target tf2_msgs_generate_messages_nodejs[0m
[35m[1mScanning dependencies of target tf_generate_messages_nodejs[0m
[35m[1mScanning dependencies of target sensor_msgs_generate_messages_cpp[0m
[35m[1mScanning dependencies of target tf_generate_messages_cpp[0m
[35m[1mScanning dependencies of target topic_tools_generate_messages_nodejs[0m
[35m[1mScanning dependencies of target actionlib_generate_messages_cpp[0m
[35m[1mScanning dependencies of target topic_tools_generate_messages_lisp[0m
[  0%] Built target actionlib_msgs_generate_messages_cpp
[  0%] Built target tf2_msgs_generate_messages_lisp
[  0%] Built target actionlib_msgs_generate_messages_py
[  0%] Built target actionlib_generate_messages_py
[  0%] Built target geometry_msgs_generate_messages_eus
[  0%] Built target tf2_msgs_generate_messages_nodejs
[  0%] Built target tf_generate_messages_nodejs
[  0%] Built target topic_tools_generate_messages_eus
[  0%] Built target tf_generate_messages_lisp
[  0%] Built target std_srvs_generate_messages_eus
[  0%] Built target topic_tools_generate_messages_nodejs
[  0%] Built target tf_generate_messages_cpp
[  0%] Built target actionlib_generate_messages_cpp
[  0%] Built target sensor_msgs_generate_messages_cpp
[  0%] Built target topic_tools_generate_messages_lisp
[  0%] Built target actionlib_generate_messages_nodejs
[35m[1mScanning dependencies of target tf_generate_messages_eus[0m
[35m[1mScanning dependencies of target std_msgs_generate_messages_py[0m
[35m[1mScanning dependencies of target std_msgs_generate_messages_cpp[0m
[35m[1mScanning dependencies of target pcl_msgs_generate_messages_cpp[0m
[35m[1mScanning dependencies of target std_msgs_generate_messages_nodejs[0m
[35m[1mScanning dependencies of target nodelet_generate_messages_lisp[0m
[35m[1mScanning dependencies of target std_srvs_generate_messages_cpp[0m
[35m[1mScanning dependencies of target roscpp_generate_messages_lisp[0m
[35m[1mScanning dependencies of target actionlib_generate_messages_lisp[0m
[35m[1mScanning dependencies of target std_msgs_generate_messages_lisp[0m
[35m[1mScanning dependencies of target rosgraph_msgs_generate_messages_nodejs[0m
[35m[1mScanning dependencies of target rosgraph_msgs_generate_messages_lisp[0m
[35m[1mScanning dependencies of target actionlib_msgs_generate_messages_eus[0m
[35m[1mScanning dependencies of target rosgraph_msgs_generate_messages_py[0m
[35m[1mScanning dependencies of target dynamic_reconfigure_generate_messages_py[0m
[  0%] Built target tf_generate_messages_eus
[35m[1mScanning dependencies of target topic_tools_generate_messages_py[0m
[  0%] Built target std_msgs_generate_messages_py
[  0%] Built target std_msgs_generate_messages_cpp
[  0%] Built target std_msgs_generate_messages_nodejs
[  0%] Built target nodelet_generate_messages_lisp
[  0%] Built target roscpp_generate_messages_lisp
[  0%] Built target pcl_msgs_generate_messages_cpp
[  0%] Built target rosgraph_msgs_generate_messages_nodejs
[  0%] Built target actionlib_generate_messages_lisp
[  0%] Built target std_msgs_generate_messages_lisp
[  0%] Built target rosgraph_msgs_generate_messages_lisp
[  0%] Built target std_srvs_generate_messages_cpp
[  0%] Built target actionlib_msgs_generate_messages_eus
[  0%] Built target rosgraph_msgs_generate_messages_py
[  0%] Built target dynamic_reconfigure_generate_messages_py
[  0%] Built target topic_tools_generate_messages_py
[35m[1mScanning dependencies of target bond_generate_messages_eus[0m
[35m[1mScanning dependencies of target sensor_msgs_generate_messages_nodejs[0m
[35m[1mScanning dependencies of target roscpp_generate_messages_cpp[0m
[35m[1mScanning dependencies of target roscpp_generate_messages_py[0m
[35m[1mScanning dependencies of target tf2_msgs_generate_messages_py[0m
[35m[1mScanning dependencies of target dynamic_reconfigure_generate_messages_nodejs[0m
[35m[1mScanning dependencies of target bond_generate_messages_cpp[0m
[35m[1mScanning dependencies of target sensor_msgs_generate_messages_lisp[0m
[35m[1mScanning dependencies of target sensor_msgs_generate_messages_eus[0m
[35m[1mScanning dependencies of target bond_generate_messages_lisp[0m
[35m[1mScanning dependencies of target nodelet_topic_tools_gencfg[0m
[35m[1mScanning dependencies of target roscpp_generate_messages_eus[0m
[35m[1mScanning dependencies of target sensor_msgs_generate_messages_py[0m
[35m[1mScanning dependencies of target tf2_msgs_generate_messages_eus[0m
[35m[1mScanning dependencies of target geometry_msgs_generate_messages_py[0m
[35m[1mScanning dependencies of target geometry_msgs_generate_messages_cpp[0m
[  0%] Built target dynamic_reconfigure_generate_messages_nodejs
[  0%] Built target roscpp_generate_messages_cpp
[  0%] Built target bond_generate_messages_eus
[  0%] Built target roscpp_generate_messages_py
[  0%] Built target sensor_msgs_generate_messages_nodejs
[  0%] Built target tf2_msgs_generate_messages_py
[  0%] Built target bond_generate_messages_cpp
[  0%] Built target sensor_msgs_generate_messages_eus
[  0%] Built target sensor_msgs_generate_messages_lisp
[  0%] Built target bond_generate_messages_lisp
[  0%] Built target nodelet_topic_tools_gencfg
[  0%] Built target roscpp_generate_messages_eus
[  0%] Built target sensor_msgs_generate_messages_py
[  0%] Built target geometry_msgs_generate_messages_py
[  0%] Built target tf2_msgs_generate_messages_eus
[  0%] Built target geometry_msgs_generate_messages_cpp
[35m[1mScanning dependencies of target geometry_msgs_generate_messages_lisp[0m
[35m[1mScanning dependencies of target actionlib_msgs_generate_messages_lisp[0m
[35m[1mScanning dependencies of target roscpp_generate_messages_nodejs[0m
[35m[1mScanning dependencies of target std_msgs_generate_messages_eus[0m
[35m[1mScanning dependencies of target tf_generate_messages_py[0m
[35m[1mScanning dependencies of target actionlib_msgs_generate_messages_nodejs[0m
[35m[1mScanning dependencies of target actionlib_generate_messages_eus[0m
[35m[1mScanning dependencies of target rosgraph_msgs_generate_messages_cpp[0m
[35m[1mScanning dependencies of target std_srvs_generate_messages_py[0m
[35m[1mScanning dependencies of target rosgraph_msgs_generate_messages_eus[0m
[35m[1mScanning dependencies of target pcl_ros_gencfg[0m
[35m[1mScanning dependencies of target dynamic_reconfigure_generate_messages_cpp[0m
[35m[1mScanning dependencies of target dynamic_reconfigure_gencfg[0m
[35m[1mScanning dependencies of target geometry_msgs_generate_messages_nodejs[0m
[35m[1mScanning dependencies of target dynamic_reconfigure_generate_messages_eus[0m
[35m[1mScanning dependencies of target nodelet_generate_messages_cpp[0m
[  0%] Built target geometry_msgs_generate_messages_lisp
[  0%] Built target actionlib_msgs_generate_messages_nodejs
[  0%] Built target tf_generate_messages_py
[  0%] Built target actionlib_msgs_generate_messages_lisp
[  0%] Built target std_msgs_generate_messages_eus
[  0%] Built target roscpp_generate_messages_nodejs
[  0%] Built target rosgraph_msgs_generate_messages_cpp
[  0%] Built target std_srvs_generate_messages_py
[  0%] Built target actionlib_generate_messages_eus
[  0%] Built target pcl_ros_gencfg
[  0%] Built target dynamic_reconfigure_generate_messages_cpp
[  0%] Built target rosgraph_msgs_generate_messages_eus
[  0%] Built target dynamic_reconfigure_generate_messages_eus
[  0%] Built target dynamic_reconfigure_gencfg
[  0%] Built target geometry_msgs_generate_messages_nodejs
[35m[1mScanning dependencies of target tf2_msgs_generate_messages_cpp[0m
[35m[1mScanning dependencies of target dynamic_reconfigure_generate_messages_lisp[0m
[  0%] Built target nodelet_generate_messages_cpp
[35m[1mScanning dependencies of target std_srvs_generate_messages_lisp[0m
[35m[1mScanning dependencies of target nodelet_generate_messages_nodejs[0m
[35m[1mScanning dependencies of target std_srvs_generate_messages_nodejs[0m
[35m[1mScanning dependencies of target bond_generate_messages_nodejs[0m
[35m[1mScanning dependencies of target nodelet_generate_messages_py[0m
[35m[1mScanning dependencies of target bond_generate_messages_py[0m
[35m[1mScanning dependencies of target nodelet_generate_messages_eus[0m
[35m[1mScanning dependencies of target topic_tools_generate_messages_cpp[0m
[35m[1mScanning dependencies of target pcl_msgs_generate_messages_eus[0m
[35m[1mScanning dependencies of target _direct_lidar_odometry_generate_messages_check_deps_save_traj[0m
[35m[1mScanning dependencies of target pcl_msgs_generate_messages_nodejs[0m
[35m[1mScanning dependencies of target pcl_msgs_generate_messages_py[0m
[35m[1mScanning dependencies of target _direct_lidar_odometry_generate_messages_check_deps_save_pcd[0m
[35m[1mScanning dependencies of target pcl_msgs_generate_messages_lisp[0m
[  0%] Built target tf2_msgs_generate_messages_cpp
[  0%] Built target dynamic_reconfigure_generate_messages_lisp
[  0%] Built target std_srvs_generate_messages_lisp
[  0%] Built target nodelet_generate_messages_nodejs
[  0%] Built target nodelet_generate_messages_py
[  0%] Built target std_srvs_generate_messages_nodejs
[  0%] Built target bond_generate_messages_py
[  0%] Built target bond_generate_messages_nodejs
[  0%] Built target nodelet_generate_messages_eus
[  0%] Built target topic_tools_generate_messages_cpp
[  0%] Built target pcl_msgs_generate_messages_eus
[  0%] Built target pcl_msgs_generate_messages_nodejs
[  0%] Built target pcl_msgs_generate_messages_py
[  0%] Built target pcl_msgs_generate_messages_lisp
[35m[1mScanning dependencies of target nanoflann[0m
[35m[1mScanning dependencies of target dlo_map_node[0m
[  0%] Built target _direct_lidar_odometry_generate_messages_check_deps_save_traj
[  0%] Built target _direct_lidar_odometry_generate_messages_check_deps_save_pcd
[35m[1mScanning dependencies of target direct_lidar_odometry_generate_messages_lisp[0m
[35m[1mScanning dependencies of target direct_lidar_odometry_generate_messages_py[0m
[35m[1mScanning dependencies of target direct_lidar_odometry_generate_messages_eus[0m
[35m[1mScanning dependencies of target direct_lidar_odometry_generate_messages_nodejs[0m
[35m[1mScanning dependencies of target direct_lidar_odometry_generate_messages_cpp[0m
[  4%] [34m[1mGenerating EusLisp code from direct_lidar_odometry/save_pcd.srv[0m
[  8%] [34m[1mGenerating Javascript code from direct_lidar_odometry/save_pcd.srv[0m
[ 13%] [34m[1mGenerating Python code from SRV direct_lidar_odometry/save_traj[0m
[ 21%] [34m[1mGenerating Python code from SRV direct_lidar_odometry/save_pcd[0m
[ 21%] [34m[1mGenerating Lisp code from direct_lidar_odometry/save_traj.srv[0m
[ 26%] [34m[1mGenerating Lisp code from direct_lidar_odometry/save_pcd.srv[0m
[ 30%] [34m[1mGenerating Javascript code from direct_lidar_odometry/save_traj.srv[0m
[ 34%] [34m[1mGenerating EusLisp code from direct_lidar_odometry/save_traj.srv[0m
[ 39%] [34m[1mGenerating C++ code from direct_lidar_odometry/save_pcd.srv[0m
[ 43%] [34m[1mGenerating EusLisp manifest code for direct_lidar_odometry[0m
[ 47%] [34m[1mGenerating C++ code from direct_lidar_odometry/save_traj.srv[0m
[ 47%] Built target direct_lidar_odometry_generate_messages_lisp
[ 47%] Built target direct_lidar_odometry_generate_messages_nodejs
[ 52%] [34m[1mGenerating Python srv __init__.py for direct_lidar_odometry[0m
[ 56%] [32mBuilding CXX object CMakeFiles/nanoflann.dir/src/nano_gicp/nanoflann.cc.o[0m
[ 65%] [32mBuilding CXX object CMakeFiles/dlo_map_node.dir/src/dlo/map_node.cc.o[0m
[ 65%] [32mBuilding CXX object CMakeFiles/dlo_map_node.dir/src/dlo/map.cc.o[0m
[ 65%] Built target direct_lidar_odometry_generate_messages_cpp
[ 65%] Built target direct_lidar_odometry_generate_messages_py
[ 65%] Built target direct_lidar_odometry_generate_messages_eus
[35m[1mScanning dependencies of target direct_lidar_odometry_generate_messages[0m
[ 65%] Built target direct_lidar_odometry_generate_messages
[ 69%] [32m[1mLinking CXX static library /home/sun/livo_ws/devel/.private/direct_lidar_odometry/lib/libnanoflann.a[0m
[ 69%] Built target nanoflann
[35m[1mScanning dependencies of target nano_gicp[0m
[ 73%] [32mBuilding CXX object CMakeFiles/nano_gicp.dir/src/nano_gicp/lsq_registration.cc.o[0m
[ 78%] [32mBuilding CXX object CMakeFiles/nano_gicp.dir/src/nano_gicp/nano_gicp.cc.o[0m
[ 82%] [32m[1mLinking CXX executable /home/sun/livo_ws/devel/.private/direct_lidar_odometry/lib/direct_lidar_odometry/dlo_map_node[0m
[ 82%] Built target dlo_map_node
[ 86%] [32m[1mLinking CXX static library /home/sun/livo_ws/devel/.private/direct_lidar_odometry/lib/libnano_gicp.a[0m
[ 86%] Built target nano_gicp
[35m[1mScanning dependencies of target dlo_odom_node[0m
[ 95%] [32mBuilding CXX object CMakeFiles/dlo_odom_node.dir/src/dlo/odom_node.cc.o[0m
[ 95%] [32mBuilding CXX object CMakeFiles/dlo_odom_node.dir/src/dlo/odom.cc.o[0m
[100%] [32m[1mLinking CXX executable /home/sun/livo_ws/devel/.private/direct_lidar_odometry/lib/direct_lidar_odometry/dlo_odom_node[0m
[100%] Built target dlo_odom_node
