Symlinking /home/sun/livo_ws/devel/share/gennodejs/ros/direct_lidar_odometry/_index.js
Symlinking /home/sun/livo_ws/devel/share/gennodejs/ros/direct_lidar_odometry/srv/_index.js
Symlinking /home/sun/livo_ws/devel/share/gennodejs/ros/direct_lidar_odometry/srv/save_traj.js
Symlinking /home/sun/livo_ws/devel/share/gennodejs/ros/direct_lidar_odometry/srv/save_pcd.js
Symlinking /home/sun/livo_ws/devel/share/direct_lidar_odometry/cmake/direct_lidar_odometry-msg-paths.cmake
Symlinking /home/sun/livo_ws/devel/share/direct_lidar_odometry/cmake/direct_lidar_odometryConfig-version.cmake
Symlinking /home/sun/livo_ws/devel/share/direct_lidar_odometry/cmake/direct_lidar_odometryConfig.cmake
Symlinking /home/sun/livo_ws/devel/share/direct_lidar_odometry/cmake/direct_lidar_odometry-msg-extras.cmake
Symlinking /home/sun/livo_ws/devel/share/common-lisp/ros/direct_lidar_odometry/srv/direct_lidar_odometry-srv.asd
Symlinking /home/sun/livo_ws/devel/share/common-lisp/ros/direct_lidar_odometry/srv/_package_save_pcd.lisp
Symlinking /home/sun/livo_ws/devel/share/common-lisp/ros/direct_lidar_odometry/srv/save_pcd.lisp
Symlinking /home/sun/livo_ws/devel/share/common-lisp/ros/direct_lidar_odometry/srv/_package_save_traj.lisp
Symlinking /home/sun/livo_ws/devel/share/common-lisp/ros/direct_lidar_odometry/srv/_package.lisp
Symlinking /home/sun/livo_ws/devel/share/common-lisp/ros/direct_lidar_odometry/srv/save_traj.lisp
Symlinking /home/sun/livo_ws/devel/share/roseus/ros/direct_lidar_odometry/manifest.l
Symlinking /home/sun/livo_ws/devel/share/roseus/ros/direct_lidar_odometry/srv/save_traj.l
Symlinking /home/sun/livo_ws/devel/share/roseus/ros/direct_lidar_odometry/srv/save_pcd.l
Symlinking /home/sun/livo_ws/devel/lib/libnano_gicp.a
Symlinking /home/sun/livo_ws/devel/lib/libnanoflann.a
Symlinking /home/sun/livo_ws/devel/lib/direct_lidar_odometry/dlo_map_node
Symlinking /home/sun/livo_ws/devel/lib/direct_lidar_odometry/dlo_odom_node
Symlinking /home/sun/livo_ws/devel/lib/python3/dist-packages/direct_lidar_odometry/__init__.py
Symlinking /home/sun/livo_ws/devel/lib/python3/dist-packages/direct_lidar_odometry/srv/_save_pcd.py
Symlinking /home/sun/livo_ws/devel/lib/python3/dist-packages/direct_lidar_odometry/srv/_save_traj.py
Symlinking /home/sun/livo_ws/devel/lib/python3/dist-packages/direct_lidar_odometry/srv/__init__.py
Symlinking /home/sun/livo_ws/devel/lib/pkgconfig/direct_lidar_odometry.pc
Symlinking /home/sun/livo_ws/devel/include/direct_lidar_odometry/save_pcd.h
Symlinking /home/sun/livo_ws/devel/include/direct_lidar_odometry/save_pcdRequest.h
Symlinking /home/sun/livo_ws/devel/include/direct_lidar_odometry/save_traj.h
Symlinking /home/sun/livo_ws/devel/include/direct_lidar_odometry/save_trajResponse.h
Symlinking /home/sun/livo_ws/devel/include/direct_lidar_odometry/save_pcdResponse.h
Symlinking /home/sun/livo_ws/devel/include/direct_lidar_odometry/save_trajRequest.h
